<?xml version="1.0" encoding="UTF-8"?>
<robot generator="Robot 3.1 (Python 3.7.1 on darwin)" generated="20181217 12:34:58.045" rpa="false">
<suite id="s1" name="seleniumAutomation" source="/Users/andresgamboa/Documents/Python/testGIT/seleniumAutomation.robot">
<test id="s1-t1" name="CP001 Click on the Containers">
<kw name="Open homepage">
<kw name="Open Browser" library="SeleniumLibrary">
<doc>Opens a new browser instance to the given ``url``.</doc>
<arguments>
<arg>${testUrl}</arg>
<arg>${browser}</arg>
</arguments>
<msg timestamp="20181217 12:34:58.463" level="INFO">Opening browser 'chrome' to base url 'http://automationpractice.com/index.php'.</msg>
<status status="PASS" starttime="20181217 12:34:58.462" endtime="20181217 12:35:04.134"></status>
</kw>
<status status="PASS" starttime="20181217 12:34:58.462" endtime="20181217 12:35:04.135"></status>
</kw>
<kw name="Set Global Variable" library="BuiltIn">
<doc>Makes a variable available globally in all tests and suites.</doc>
<arguments>
<arg>@{nameContainers}</arg>
<arg>//*[@id="homefeatured"]/li[1]/div/div[2]/h5/a</arg>
<arg>//*[@id="homefeatured"]/li[2]/div/div[2]/h5/a</arg>
<arg>//*[@id="homefeatured"]/li[3]/div/div[2]/h5/a</arg>
<arg>//*[@id="homefeatured"]/li[4]/div/div[2]/h5/a</arg>
<arg>//*[@id="homefeatured"]/li[5]/div/div[2]/h5/a</arg>
<arg>//*[@id="homefeatured"]/li[6]/div/div[2]/h5/a</arg>
<arg>//*[@id="homefeatured"]/li[7]/div/div[2]/h5/a</arg>
</arguments>
<msg timestamp="20181217 12:35:04.137" level="INFO">@{nameContainers} = [ //*[@id="homefeatured"]/li[1]/div/div[2]/h5/a | //*[@id="homefeatured"]/li[2]/div/div[2]/h5/a | //*[@id="homefeatured"]/li[3]/div/div[2]/h5/a | //*[@id="homefeatured"]/li[4]/div/div[2]/h5/a | //*[@i...</msg>
<status status="PASS" starttime="20181217 12:35:04.136" endtime="20181217 12:35:04.137"></status>
</kw>
<kw name="${nameContainer} IN [ @{nameContainers} ]" type="for">
<kw name="${nameContainer} = //*[@id=&quot;homefeatured&quot;]/li[1]/div/div[2]/h5/a" type="foritem">
<kw name="Click Element" library="SeleniumLibrary">
<doc>Click element identified by ``locator``.</doc>
<arguments>
<arg>xpath=${nameContainer}</arg>
</arguments>
<msg timestamp="20181217 12:35:04.138" level="INFO">Clicking element 'xpath=//*[@id="homefeatured"]/li[1]/div/div[2]/h5/a'.</msg>
<status status="PASS" starttime="20181217 12:35:04.137" endtime="20181217 12:35:05.294"></status>
</kw>
<kw name="Wait Until Element Is Visible" library="SeleniumLibrary">
<doc>Waits until element ``locator`` is visible.</doc>
<arguments>
<arg>xpath=//*[@id="bigpic"]</arg>
</arguments>
<status status="PASS" starttime="20181217 12:35:05.294" endtime="20181217 12:35:05.329"></status>
</kw>
<kw name="Click Element" library="SeleniumLibrary">
<doc>Click element identified by ``locator``.</doc>
<arguments>
<arg>xpath=//*[@id="header_logo"]/a/img</arg>
</arguments>
<msg timestamp="20181217 12:35:05.330" level="INFO">Clicking element 'xpath=//*[@id="header_logo"]/a/img'.</msg>
<status status="PASS" starttime="20181217 12:35:05.329" endtime="20181217 12:35:07.833"></status>
</kw>
<status status="PASS" starttime="20181217 12:35:04.137" endtime="20181217 12:35:07.833"></status>
</kw>
<kw name="${nameContainer} = //*[@id=&quot;homefeatured&quot;]/li[2]/div/div[2]/h5/a" type="foritem">
<kw name="Click Element" library="SeleniumLibrary">
<doc>Click element identified by ``locator``.</doc>
<arguments>
<arg>xpath=${nameContainer}</arg>
</arguments>
<msg timestamp="20181217 12:35:07.834" level="INFO">Clicking element 'xpath=//*[@id="homefeatured"]/li[2]/div/div[2]/h5/a'.</msg>
<status status="PASS" starttime="20181217 12:35:07.833" endtime="20181217 12:35:08.716"></status>
</kw>
<kw name="Wait Until Element Is Visible" library="SeleniumLibrary">
<doc>Waits until element ``locator`` is visible.</doc>
<arguments>
<arg>xpath=//*[@id="bigpic"]</arg>
</arguments>
<status status="PASS" starttime="20181217 12:35:08.716" endtime="20181217 12:35:08.743"></status>
</kw>
<kw name="Click Element" library="SeleniumLibrary">
<doc>Click element identified by ``locator``.</doc>
<arguments>
<arg>xpath=//*[@id="header_logo"]/a/img</arg>
</arguments>
<msg timestamp="20181217 12:35:08.744" level="INFO">Clicking element 'xpath=//*[@id="header_logo"]/a/img'.</msg>
<status status="PASS" starttime="20181217 12:35:08.744" endtime="20181217 12:35:10.881"></status>
</kw>
<status status="PASS" starttime="20181217 12:35:07.833" endtime="20181217 12:35:10.881"></status>
</kw>
<kw name="${nameContainer} = //*[@id=&quot;homefeatured&quot;]/li[3]/div/div[2]/h5/a" type="foritem">
<kw name="Click Element" library="SeleniumLibrary">
<doc>Click element identified by ``locator``.</doc>
<arguments>
<arg>xpath=${nameContainer}</arg>
</arguments>
<msg timestamp="20181217 12:35:10.882" level="INFO">Clicking element 'xpath=//*[@id="homefeatured"]/li[3]/div/div[2]/h5/a'.</msg>
<status status="PASS" starttime="20181217 12:35:10.881" endtime="20181217 12:35:12.289"></status>
</kw>
<kw name="Wait Until Element Is Visible" library="SeleniumLibrary">
<doc>Waits until element ``locator`` is visible.</doc>
<arguments>
<arg>xpath=//*[@id="bigpic"]</arg>
</arguments>
<status status="PASS" starttime="20181217 12:35:12.289" endtime="20181217 12:35:12.327"></status>
</kw>
<kw name="Click Element" library="SeleniumLibrary">
<doc>Click element identified by ``locator``.</doc>
<arguments>
<arg>xpath=//*[@id="header_logo"]/a/img</arg>
</arguments>
<msg timestamp="20181217 12:35:12.328" level="INFO">Clicking element 'xpath=//*[@id="header_logo"]/a/img'.</msg>
<status status="PASS" starttime="20181217 12:35:12.327" endtime="20181217 12:35:14.557"></status>
</kw>
<status status="PASS" starttime="20181217 12:35:10.881" endtime="20181217 12:35:14.557"></status>
</kw>
<kw name="${nameContainer} = //*[@id=&quot;homefeatured&quot;]/li[4]/div/div[2]/h5/a" type="foritem">
<kw name="Click Element" library="SeleniumLibrary">
<doc>Click element identified by ``locator``.</doc>
<arguments>
<arg>xpath=${nameContainer}</arg>
</arguments>
<msg timestamp="20181217 12:35:14.558" level="INFO">Clicking element 'xpath=//*[@id="homefeatured"]/li[4]/div/div[2]/h5/a'.</msg>
<status status="PASS" starttime="20181217 12:35:14.558" endtime="20181217 12:35:15.399"></status>
</kw>
<kw name="Wait Until Element Is Visible" library="SeleniumLibrary">
<doc>Waits until element ``locator`` is visible.</doc>
<arguments>
<arg>xpath=//*[@id="bigpic"]</arg>
</arguments>
<status status="PASS" starttime="20181217 12:35:15.399" endtime="20181217 12:35:15.428"></status>
</kw>
<kw name="Click Element" library="SeleniumLibrary">
<doc>Click element identified by ``locator``.</doc>
<arguments>
<arg>xpath=//*[@id="header_logo"]/a/img</arg>
</arguments>
<msg timestamp="20181217 12:35:15.428" level="INFO">Clicking element 'xpath=//*[@id="header_logo"]/a/img'.</msg>
<status status="PASS" starttime="20181217 12:35:15.428" endtime="20181217 12:35:17.795"></status>
</kw>
<status status="PASS" starttime="20181217 12:35:14.558" endtime="20181217 12:35:17.795"></status>
</kw>
<kw name="${nameContainer} = //*[@id=&quot;homefeatured&quot;]/li[5]/div/div[2]/h5/a" type="foritem">
<kw name="Click Element" library="SeleniumLibrary">
<doc>Click element identified by ``locator``.</doc>
<arguments>
<arg>xpath=${nameContainer}</arg>
</arguments>
<msg timestamp="20181217 12:35:17.796" level="INFO">Clicking element 'xpath=//*[@id="homefeatured"]/li[5]/div/div[2]/h5/a'.</msg>
<status status="PASS" starttime="20181217 12:35:17.796" endtime="20181217 12:35:18.843"></status>
</kw>
<kw name="Wait Until Element Is Visible" library="SeleniumLibrary">
<doc>Waits until element ``locator`` is visible.</doc>
<arguments>
<arg>xpath=//*[@id="bigpic"]</arg>
</arguments>
<status status="PASS" starttime="20181217 12:35:18.843" endtime="20181217 12:35:18.869"></status>
</kw>
<kw name="Click Element" library="SeleniumLibrary">
<doc>Click element identified by ``locator``.</doc>
<arguments>
<arg>xpath=//*[@id="header_logo"]/a/img</arg>
</arguments>
<msg timestamp="20181217 12:35:18.870" level="INFO">Clicking element 'xpath=//*[@id="header_logo"]/a/img'.</msg>
<status status="PASS" starttime="20181217 12:35:18.870" endtime="20181217 12:35:20.854"></status>
</kw>
<status status="PASS" starttime="20181217 12:35:17.795" endtime="20181217 12:35:20.854"></status>
</kw>
<kw name="${nameContainer} = //*[@id=&quot;homefeatured&quot;]/li[6]/div/div[2]/h5/a" type="foritem">
<kw name="Click Element" library="SeleniumLibrary">
<doc>Click element identified by ``locator``.</doc>
<arguments>
<arg>xpath=${nameContainer}</arg>
</arguments>
<msg timestamp="20181217 12:35:20.855" level="INFO">Clicking element 'xpath=//*[@id="homefeatured"]/li[6]/div/div[2]/h5/a'.</msg>
<status status="PASS" starttime="20181217 12:35:20.854" endtime="20181217 12:35:21.907"></status>
</kw>
<kw name="Wait Until Element Is Visible" library="SeleniumLibrary">
<doc>Waits until element ``locator`` is visible.</doc>
<arguments>
<arg>xpath=//*[@id="bigpic"]</arg>
</arguments>
<status status="PASS" starttime="20181217 12:35:21.907" endtime="20181217 12:35:21.933"></status>
</kw>
<kw name="Click Element" library="SeleniumLibrary">
<doc>Click element identified by ``locator``.</doc>
<arguments>
<arg>xpath=//*[@id="header_logo"]/a/img</arg>
</arguments>
<msg timestamp="20181217 12:35:21.933" level="INFO">Clicking element 'xpath=//*[@id="header_logo"]/a/img'.</msg>
<status status="PASS" starttime="20181217 12:35:21.933" endtime="20181217 12:35:23.974"></status>
</kw>
<status status="PASS" starttime="20181217 12:35:20.854" endtime="20181217 12:35:23.974"></status>
</kw>
<kw name="${nameContainer} = //*[@id=&quot;homefeatured&quot;]/li[7]/div/div[2]/h5/a" type="foritem">
<kw name="Click Element" library="SeleniumLibrary">
<doc>Click element identified by ``locator``.</doc>
<arguments>
<arg>xpath=${nameContainer}</arg>
</arguments>
<msg timestamp="20181217 12:35:23.975" level="INFO">Clicking element 'xpath=//*[@id="homefeatured"]/li[7]/div/div[2]/h5/a'.</msg>
<status status="PASS" starttime="20181217 12:35:23.974" endtime="20181217 12:35:24.897"></status>
</kw>
<kw name="Wait Until Element Is Visible" library="SeleniumLibrary">
<doc>Waits until element ``locator`` is visible.</doc>
<arguments>
<arg>xpath=//*[@id="bigpic"]</arg>
</arguments>
<status status="PASS" starttime="20181217 12:35:24.897" endtime="20181217 12:35:24.928"></status>
</kw>
<kw name="Click Element" library="SeleniumLibrary">
<doc>Click element identified by ``locator``.</doc>
<arguments>
<arg>xpath=//*[@id="header_logo"]/a/img</arg>
</arguments>
<msg timestamp="20181217 12:35:24.928" level="INFO">Clicking element 'xpath=//*[@id="header_logo"]/a/img'.</msg>
<status status="PASS" starttime="20181217 12:35:24.928" endtime="20181217 12:35:27.032"></status>
</kw>
<status status="PASS" starttime="20181217 12:35:23.974" endtime="20181217 12:35:27.032"></status>
</kw>
<status status="PASS" starttime="20181217 12:35:04.137" endtime="20181217 12:35:27.032"></status>
</kw>
<kw name="Close Browser" library="SeleniumLibrary">
<doc>Closes the current browser.</doc>
<status status="PASS" starttime="20181217 12:35:27.032" endtime="20181217 12:35:27.201"></status>
</kw>
<status status="PASS" starttime="20181217 12:34:58.461" endtime="20181217 12:35:27.201" critical="yes"></status>
</test>
<status status="PASS" starttime="20181217 12:34:58.048" endtime="20181217 12:35:27.203"></status>
</suite>
<statistics>
<total>
<stat pass="1" fail="0">Critical Tests</stat>
<stat pass="1" fail="0">All Tests</stat>
</total>
<tag>
</tag>
<suite>
<stat pass="1" fail="0" id="s1" name="seleniumAutomation">seleniumAutomation</stat>
</suite>
</statistics>
<errors>
</errors>
</robot>
